{
    "meta": {
        "format": 3,
        "version": "7.12.0",
        "timestamp": "2025-11-19T16:02:33.796194",
        "branch_coverage": true,
        "show_contexts": false
    },
    "files": {
        "src/__init__.py": {
            "executed_lines": [
                1,
                8
            ],
            "summary": {
                "covered_lines": 1,
                "num_statements": 1,
                "percent_covered": 100.0,
                "percent_covered_display": "100.00",
                "missing_lines": 0,
                "excluded_lines": 0,
                "percent_statements_covered": 100.0,
                "percent_statements_covered_display": "100.00",
                "num_branches": 0,
                "num_partial_branches": 0,
                "covered_branches": 0,
                "missing_branches": 0,
                "percent_branches_covered": 100.0,
                "percent_branches_covered_display": "100.00"
            },
            "missing_lines": [],
            "excluded_lines": [],
            "executed_branches": [],
            "missing_branches": [],
            "functions": {
                "": {
                    "executed_lines": [
                        1,
                        8
                    ],
                    "summary": {
                        "covered_lines": 1,
                        "num_statements": 1,
                        "percent_covered": 100.0,
                        "percent_covered_display": "100.00",
                        "missing_lines": 0,
                        "excluded_lines": 0,
                        "percent_statements_covered": 100.0,
                        "percent_statements_covered_display": "100.00",
                        "num_branches": 0,
                        "num_partial_branches": 0,
                        "covered_branches": 0,
                        "missing_branches": 0,
                        "percent_branches_covered": 100.0,
                        "percent_branches_covered_display": "100.00"
                    },
                    "missing_lines": [],
                    "excluded_lines": [],
                    "executed_branches": [],
                    "missing_branches": []
                }
            },
            "classes": {
                "": {
                    "executed_lines": [
                        1,
                        8
                    ],
                    "summary": {
                        "covered_lines": 1,
                        "num_statements": 1,
                        "percent_covered": 100.0,
                        "percent_covered_display": "100.00",
                        "missing_lines": 0,
                        "excluded_lines": 0,
                        "percent_statements_covered": 100.0,
                        "percent_statements_covered_display": "100.00",
                        "num_branches": 0,
                        "num_partial_branches": 0,
                        "covered_branches": 0,
                        "missing_branches": 0,
                        "percent_branches_covered": 100.0,
                        "percent_branches_covered_display": "100.00"
                    },
                    "missing_lines": [],
                    "excluded_lines": [],
                    "executed_branches": [],
                    "missing_branches": []
                }
            }
        },
        "src/api/__init__.py": {
            "executed_lines": [
                1
            ],
            "summary": {
                "covered_lines": 0,
                "num_statements": 0,
                "percent_covered": 100.0,
                "percent_covered_display": "100.00",
                "missing_lines": 0,
                "excluded_lines": 0,
                "percent_statements_covered": 100.0,
                "percent_statements_covered_display": "100.00",
                "num_branches": 0,
                "num_partial_branches": 0,
                "covered_branches": 0,
                "missing_branches": 0,
                "percent_branches_covered": 100.0,
                "percent_branches_covered_display": "100.00"
            },
            "missing_lines": [],
            "excluded_lines": [],
            "executed_branches": [],
            "missing_branches": [],
            "functions": {
                "": {
                    "executed_lines": [
                        1
                    ],
                    "summary": {
                        "covered_lines": 0,
                        "num_statements": 0,
                        "percent_covered": 100.0,
                        "percent_covered_display": "100.00",
                        "missing_lines": 0,
                        "excluded_lines": 0,
                        "percent_statements_covered": 100.0,
                        "percent_statements_covered_display": "100.00",
                        "num_branches": 0,
                        "num_partial_branches": 0,
                        "covered_branches": 0,
                        "missing_branches": 0,
                        "percent_branches_covered": 100.0,
                        "percent_branches_covered_display": "100.00"
                    },
                    "missing_lines": [],
                    "excluded_lines": [],
                    "executed_branches": [],
                    "missing_branches": []
                }
            },
            "classes": {
                "": {
                    "executed_lines": [
                        1
                    ],
                    "summary": {
                        "covered_lines": 0,
                        "num_statements": 0,
                        "percent_covered": 100.0,
                        "percent_covered_display": "100.00",
                        "missing_lines": 0,
                        "excluded_lines": 0,
                        "percent_statements_covered": 100.0,
                        "percent_statements_covered_display": "100.00",
                        "num_branches": 0,
                        "num_partial_branches": 0,
                        "covered_branches": 0,
                        "missing_branches": 0,
                        "percent_branches_covered": 100.0,
                        "percent_branches_covered_display": "100.00"
                    },
                    "missing_lines": [],
                    "excluded_lines": [],
                    "executed_branches": [],
                    "missing_branches": []
                }
            }
        },
        "src/api/grpc/__init__.py": {
            "executed_lines": [],
            "summary": {
                "covered_lines": 0,
                "num_statements": 2,
                "percent_covered": 0.0,
                "percent_covered_display": "0.00",
                "missing_lines": 2,
                "excluded_lines": 0,
                "percent_statements_covered": 0.0,
                "percent_statements_covered_display": "0.00",
                "num_branches": 0,
                "num_partial_branches": 0,
                "covered_branches": 0,
                "missing_branches": 0,
                "percent_branches_covered": 100.0,
                "percent_branches_covered_display": "100.00"
            },
            "missing_lines": [
                3,
                5
            ],
            "excluded_lines": [],
            "executed_branches": [],
            "missing_branches": [],
            "functions": {
                "": {
                    "executed_lines": [],
                    "summary": {
                        "covered_lines": 0,
                        "num_statements": 2,
                        "percent_covered": 0.0,
                        "percent_covered_display": "0.00",
                        "missing_lines": 2,
                        "excluded_lines": 0,
                        "percent_statements_covered": 0.0,
                        "percent_statements_covered_display": "0.00",
                        "num_branches": 0,
                        "num_partial_branches": 0,
                        "covered_branches": 0,
                        "missing_branches": 0,
                        "percent_branches_covered": 100.0,
                        "percent_branches_covered_display": "100.00"
                    },
                    "missing_lines": [
                        3,
                        5
                    ],
                    "excluded_lines": [],
                    "executed_branches": [],
                    "missing_branches": []
                }
            },
            "classes": {
                "": {
                    "executed_lines": [],
                    "summary": {
                        "covered_lines": 0,
                        "num_statements": 2,
                        "percent_covered": 0.0,
                        "percent_covered_display": "0.00",
                        "missing_lines": 2,
                        "excluded_lines": 0,
                        "percent_statements_covered": 0.0,
                        "percent_statements_covered_display": "0.00",
                        "num_branches": 0,
                        "num_partial_branches": 0,
                        "covered_branches": 0,
                        "missing_branches": 0,
                        "percent_branches_covered": 100.0,
                        "percent_branches_covered_display": "100.00"
                    },
                    "missing_lines": [
                        3,
                        5
                    ],
                    "excluded_lines": [],
                    "executed_branches": [],
                    "missing_branches": []
                }
            }
        },
        "src/api/grpc/server.py": {
            "executed_lines": [],
            "summary": {
                "covered_lines": 0,
                "num_statements": 121,
                "percent_covered": 0.0,
                "percent_covered_display": "0.00",
                "missing_lines": 121,
                "excluded_lines": 17,
                "percent_statements_covered": 0.0,
                "percent_statements_covered_display": "0.00",
                "num_branches": 0,
                "num_partial_branches": 0,
                "covered_branches": 0,
                "missing_branches": 0,
                "percent_branches_covered": 100.0,
                "percent_branches_covered_display": "100.00"
            },
            "missing_lines": [
                3,
                4,
                5,
                7,
                9,
                10,
                11,
                13,
                19,
                26,
                28,
                29,
                30,
                31,
                33,
                34,
                35,
                39,
                42,
                43,
                44,
                49,
                52,
                54,
                65,
                68,
                70,
                76,
                79,
                80,
                81,
                88,
                89,
                97,
                99,
                100,
                101,
                103,
                114,
                117,
                118,
                120,
                121,
                122,
                129,
                130,
                138,
                140,
                141,
                142,
                144,
                155,
                158,
                160,
                166,
                172,
                173,
                174,
                176,
                177,
                178,
                180,
                181,
                182,
                184,
                186,
                187,
                188,
                200,
                201,
                213,
                215,
                216,
                217,
                219,
                230,
                233,
                234,
                240,
                241,
                242,
                252,
                258,
                259,
                266,
                268,
                269,
                270,
                272,
                285,
                291,
                295,
                300,
                303,
                304,
                305,
                307,
                308,
                309,
                316,
                317,
                325,
                327,
                328,
                329,
                332,
                339,
                340,
                342,
                345,
                347,
                348,
                349,
                352,
                359,
                361,
                362,
                366,
                367,
                368,
                369
            ],
            "excluded_lines": [
                37,
                51,
                66,
                98,
                115,
                139,
                156,
                214,
                231,
                267,
                286,
                326,
                353,
                364,
                370,
                373,
                374
            ],
            "executed_branches": [],
            "missing_branches": [],
            "functions": {
                "PreprocessingServicer.__init__": {
                    "executed_lines": [],
                    "summary": {
                        "covered_lines": 0,
                        "num_statements": 7,
                        "percent_covered": 0.0,
                        "percent_covered_display": "0.00",
                        "missing_lines": 7,
                        "excluded_lines": 1,
                        "percent_statements_covered": 0.0,
                        "percent_statements_covered_display": "0.00",
                        "num_branches": 0,
                        "num_partial_branches": 0,
                        "covered_branches": 0,
                        "missing_branches": 0,
                        "percent_branches_covered": 100.0,
                        "percent_branches_covered_display": "100.00"
                    },
                    "missing_lines": [
                        28,
                        29,
                        30,
                        31,
                        33,
                        34,
                        35
                    ],
                    "excluded_lines": [
                        37
                    ],
                    "executed_branches": [],
                    "missing_branches": []
                },
                "PreprocessingServicer.HealthCheck": {
                    "executed_lines": [],
                    "summary": {
                        "covered_lines": 0,
                        "num_statements": 5,
                        "percent_covered": 0.0,
                        "percent_covered_display": "0.00",
                        "missing_lines": 5,
                        "excluded_lines": 1,
                        "percent_statements_covered": 0.0,
                        "percent_statements_covered_display": "0.00",
                        "num_branches": 0,
                        "num_partial_branches": 0,
                        "covered_branches": 0,
                        "missing_branches": 0,
                        "percent_branches_covered": 100.0,
                        "percent_branches_covered_display": "100.00"
                    },
                    "missing_lines": [
                        42,
                        43,
                        44,
                        49,
                        52
                    ],
                    "excluded_lines": [
                        51
                    ],
                    "executed_branches": [],
                    "missing_branches": []
                },
                "PreprocessingServicer.TokenizeAudio": {
                    "executed_lines": [],
                    "summary": {
                        "covered_lines": 0,
                        "num_statements": 13,
                        "percent_covered": 0.0,
                        "percent_covered_display": "0.00",
                        "missing_lines": 13,
                        "excluded_lines": 2,
                        "percent_statements_covered": 0.0,
                        "percent_statements_covered_display": "0.00",
                        "num_branches": 0,
                        "num_partial_branches": 0,
                        "covered_branches": 0,
                        "missing_branches": 0,
                        "percent_branches_covered": 100.0,
                        "percent_branches_covered_display": "100.00"
                    },
                    "missing_lines": [
                        65,
                        68,
                        70,
                        76,
                        79,
                        80,
                        81,
                        88,
                        89,
                        97,
                        99,
                        100,
                        101
                    ],
                    "excluded_lines": [
                        66,
                        98
                    ],
                    "executed_branches": [],
                    "missing_branches": []
                },
                "PreprocessingServicer.TokenizeMidi": {
                    "executed_lines": [],
                    "summary": {
                        "covered_lines": 0,
                        "num_statements": 12,
                        "percent_covered": 0.0,
                        "percent_covered_display": "0.00",
                        "missing_lines": 12,
                        "excluded_lines": 2,
                        "percent_statements_covered": 0.0,
                        "percent_statements_covered_display": "0.00",
                        "num_branches": 0,
                        "num_partial_branches": 0,
                        "covered_branches": 0,
                        "missing_branches": 0,
                        "percent_branches_covered": 100.0,
                        "percent_branches_covered_display": "100.00"
                    },
                    "missing_lines": [
                        114,
                        117,
                        118,
                        120,
                        121,
                        122,
                        129,
                        130,
                        138,
                        140,
                        141,
                        142
                    ],
                    "excluded_lines": [
                        115,
                        139
                    ],
                    "executed_branches": [],
                    "missing_branches": []
                },
                "PreprocessingServicer.ExtractFeatures": {
                    "executed_lines": [],
                    "summary": {
                        "covered_lines": 0,
                        "num_statements": 23,
                        "percent_covered": 0.0,
                        "percent_covered_display": "0.00",
                        "missing_lines": 23,
                        "excluded_lines": 2,
                        "percent_statements_covered": 0.0,
                        "percent_statements_covered_display": "0.00",
                        "num_branches": 0,
                        "num_partial_branches": 0,
                        "covered_branches": 0,
                        "missing_branches": 0,
                        "percent_branches_covered": 100.0,
                        "percent_branches_covered_display": "100.00"
                    },
                    "missing_lines": [
                        155,
                        158,
                        160,
                        166,
                        172,
                        173,
                        174,
                        176,
                        177,
                        178,
                        180,
                        181,
                        182,
                        184,
                        186,
                        187,
                        188,
                        200,
                        201,
                        213,
                        215,
                        216,
                        217
                    ],
                    "excluded_lines": [
                        156,
                        214
                    ],
                    "executed_branches": [],
                    "missing_branches": []
                },
                "PreprocessingServicer.AudioToMidi": {
                    "executed_lines": [],
                    "summary": {
                        "covered_lines": 0,
                        "num_statements": 13,
                        "percent_covered": 0.0,
                        "percent_covered_display": "0.00",
                        "missing_lines": 13,
                        "excluded_lines": 2,
                        "percent_statements_covered": 0.0,
                        "percent_statements_covered_display": "0.00",
                        "num_branches": 0,
                        "num_partial_branches": 0,
                        "covered_branches": 0,
                        "missing_branches": 0,
                        "percent_branches_covered": 100.0,
                        "percent_branches_covered_display": "100.00"
                    },
                    "missing_lines": [
                        230,
                        233,
                        234,
                        240,
                        241,
                        242,
                        252,
                        258,
                        259,
                        266,
                        268,
                        269,
                        270
                    ],
                    "excluded_lines": [
                        231,
                        267
                    ],
                    "executed_branches": [],
                    "missing_branches": []
                },
                "PreprocessingServicer.ReanalyzeSection": {
                    "executed_lines": [],
                    "summary": {
                        "covered_lines": 0,
                        "num_statements": 16,
                        "percent_covered": 0.0,
                        "percent_covered_display": "0.00",
                        "missing_lines": 16,
                        "excluded_lines": 2,
                        "percent_statements_covered": 0.0,
                        "percent_statements_covered_display": "0.00",
                        "num_branches": 0,
                        "num_partial_branches": 0,
                        "covered_branches": 0,
                        "missing_branches": 0,
                        "percent_branches_covered": 100.0,
                        "percent_branches_covered_display": "100.00"
                    },
                    "missing_lines": [
                        285,
                        291,
                        295,
                        300,
                        303,
                        304,
                        305,
                        307,
                        308,
                        309,
                        316,
                        317,
                        325,
                        327,
                        328,
                        329
                    ],
                    "excluded_lines": [
                        286,
                        326
                    ],
                    "executed_branches": [],
                    "missing_branches": []
                },
                "serve_grpc": {
                    "executed_lines": [],
                    "summary": {
                        "covered_lines": 0,
                        "num_statements": 15,
                        "percent_covered": 0.0,
                        "percent_covered_display": "0.00",
                        "missing_lines": 15,
                        "excluded_lines": 3,
                        "percent_statements_covered": 0.0,
                        "percent_statements_covered_display": "0.00",
                        "num_branches": 0,
                        "num_partial_branches": 0,
                        "covered_branches": 0,
                        "missing_branches": 0,
                        "percent_branches_covered": 100.0,
                        "percent_branches_covered_display": "100.00"
                    },
                    "missing_lines": [
                        339,
                        340,
                        342,
                        345,
                        347,
                        348,
                        349,
                        352,
                        359,
                        361,
                        362,
                        366,
                        367,
                        368,
                        369
                    ],
                    "excluded_lines": [
                        353,
                        364,
                        370
                    ],
                    "executed_branches": [],
                    "missing_branches": []
                },
                "": {
                    "executed_lines": [],
                    "summary": {
                        "covered_lines": 0,
                        "num_statements": 17,
                        "percent_covered": 0.0,
                        "percent_covered_display": "0.00",
                        "missing_lines": 17,
                        "excluded_lines": 2,
                        "percent_statements_covered": 0.0,
                        "percent_statements_covered_display": "0.00",
                        "num_branches": 0,
                        "num_partial_branches": 0,
                        "covered_branches": 0,
                        "missing_branches": 0,
                        "percent_branches_covered": 100.0,
                        "percent_branches_covered_display": "100.00"
                    },
                    "missing_lines": [
                        3,
                        4,
                        5,
                        7,
                        9,
                        10,
                        11,
                        13,
                        19,
                        26,
                        39,
                        54,
                        103,
                        144,
                        219,
                        272,
                        332
                    ],
                    "excluded_lines": [
                        373,
                        374
                    ],
                    "executed_branches": [],
                    "missing_branches": []
                }
            },
            "classes": {
                "PreprocessingServicer": {
                    "executed_lines": [],
                    "summary": {
                        "covered_lines": 0,
                        "num_statements": 89,
                        "percent_covered": 0.0,
                        "percent_covered_display": "0.00",
                        "missing_lines": 89,
                        "excluded_lines": 12,
                        "percent_statements_covered": 0.0,
                        "percent_statements_covered_display": "0.00",
                        "num_branches": 0,
                        "num_partial_branches": 0,
                        "covered_branches": 0,
                        "missing_branches": 0,
                        "percent_branches_covered": 100.0,
                        "percent_branches_covered_display": "100.00"
                    },
                    "missing_lines": [
                        28,
                        29,
                        30,
                        31,
                        33,
                        34,
                        35,
                        42,
                        43,
                        44,
                        49,
                        52,
                        65,
                        68,
                        70,
                        76,
                        79,
                        80,
                        81,
                        88,
                        89,
                        97,
                        99,
                        100,
                        101,
                        114,
                        117,
                        118,
                        120,
                        121,
                        122,
                        129,
                        130,
                        138,
                        140,
                        141,
                        142,
                        155,
                        158,
                        160,
                        166,
                        172,
                        173,
                        174,
                        176,
                        177,
                        178,
                        180,
                        181,
                        182,
                        184,
                        186,
                        187,
                        188,
                        200,
                        201,
                        213,
                        215,
                        216,
                        217,
                        230,
                        233,
                        234,
                        240,
                        241,
                        242,
                        252,
                        258,
                        259,
                        266,
                        268,
                        269,
                        270,
                        285,
                        291,
                        295,
                        300,
                        303,
                        304,
                        305,
                        307,
                        308,
                        309,
                        316,
                        317,
                        325,
                        327,
                        328,
                        329
                    ],
                    "excluded_lines": [
                        37,
                        51,
                        66,
                        98,
                        115,
                        139,
                        156,
                        214,
                        231,
                        267,
                        286,
                        326
                    ],
                    "executed_branches": [],
                    "missing_branches": []
                },
                "": {
                    "executed_lines": [],
                    "summary": {
                        "covered_lines": 0,
                        "num_statements": 32,
                        "percent_covered": 0.0,
                        "percent_covered_display": "0.00",
                        "missing_lines": 32,
                        "excluded_lines": 5,
                        "percent_statements_covered": 0.0,
                        "percent_statements_covered_display": "0.00",
                        "num_branches": 0,
                        "num_partial_branches": 0,
                        "covered_branches": 0,
                        "missing_branches": 0,
                        "percent_branches_covered": 100.0,
                        "percent_branches_covered_display": "100.00"
                    },
                    "missing_lines": [
                        3,
                        4,
                        5,
                        7,
                        9,
                        10,
                        11,
                        13,
                        19,
                        26,
                        39,
                        54,
                        103,
                        144,
                        219,
                        272,
                        332,
                        339,
                        340,
                        342,
                        345,
                        347,
                        348,
                        349,
                        352,
                        359,
                        361,
                        362,
                        366,
                        367,
                        368,
                        369
                    ],
                    "excluded_lines": [
                        353,
                        364,
                        370,
                        373,
                        374
                    ],
                    "executed_branches": [],
                    "missing_branches": []
                }
            }
        },
        "src/api/rest/__init__.py": {
            "executed_lines": [
                1,
                3,
                5
            ],
            "summary": {
                "covered_lines": 2,
                "num_statements": 2,
                "percent_covered": 100.0,
                "percent_covered_display": "100.00",
                "missing_lines": 0,
                "excluded_lines": 0,
                "percent_statements_covered": 100.0,
                "percent_statements_covered_display": "100.00",
                "num_branches": 0,
                "num_partial_branches": 0,
                "covered_branches": 0,
                "missing_branches": 0,
                "percent_branches_covered": 100.0,
                "percent_branches_covered_display": "100.00"
            },
            "missing_lines": [],
            "excluded_lines": [],
            "executed_branches": [],
            "missing_branches": [],
            "functions": {
                "": {
                    "executed_lines": [
                        1,
                        3,
                        5
                    ],
                    "summary": {
                        "covered_lines": 2,
                        "num_statements": 2,
                        "percent_covered": 100.0,
                        "percent_covered_display": "100.00",
                        "missing_lines": 0,
                        "excluded_lines": 0,
                        "percent_statements_covered": 100.0,
                        "percent_statements_covered_display": "100.00",
                        "num_branches": 0,
                        "num_partial_branches": 0,
                        "covered_branches": 0,
                        "missing_branches": 0,
                        "percent_branches_covered": 100.0,
                        "percent_branches_covered_display": "100.00"
                    },
                    "missing_lines": [],
                    "excluded_lines": [],
                    "executed_branches": [],
                    "missing_branches": []
                }
            },
            "classes": {
                "": {
                    "executed_lines": [
                        1,
                        3,
                        5
                    ],
                    "summary": {
                        "covered_lines": 2,
                        "num_statements": 2,
                        "percent_covered": 100.0,
                        "percent_covered_display": "100.00",
                        "missing_lines": 0,
                        "excluded_lines": 0,
                        "percent_statements_covered": 100.0,
                        "percent_statements_covered_display": "100.00",
                        "num_branches": 0,
                        "num_partial_branches": 0,
                        "covered_branches": 0,
                        "missing_branches": 0,
                        "percent_branches_covered": 100.0,
                        "percent_branches_covered_display": "100.00"
                    },
                    "missing_lines": [],
                    "excluded_lines": [],
                    "executed_branches": [],
                    "missing_branches": []
                }
            }
        },
        "src/api/rest/routes.py": {
            "executed_lines": [
                1,
                3,
                4,
                5,
                7,
                8,
                10,
                11,
                12,
                14,
                15,
                18,
                19,
                20,
                21,
                22,
                26,
                27,
                28,
                29,
                30,
                33,
                34,
                35,
                36,
                37,
                38,
                39,
                42,
                43,
                44,
                45,
                46,
                47,
                50,
                51,
                52,
                53,
                54,
                57,
                58,
                59,
                60,
                63,
                64,
                66,
                67,
                74,
                75,
                87,
                88,
                90,
                91,
                93,
                94,
                95,
                97,
                108,
                109,
                163,
                164,
                176,
                177,
                179,
                180,
                181,
                183,
                194,
                195,
                207,
                208,
                210,
                211,
                214,
                215,
                216,
                218,
                231,
                232,
                248,
                249,
                251,
                252,
                255,
                256,
                258,
                259,
                262,
                263,
                264,
                265,
                272,
                273,
                280,
                281,
                328,
                329
            ],
            "summary": {
                "covered_lines": 92,
                "num_statements": 138,
                "percent_covered": 64.74358974358974,
                "percent_covered_display": "64.74",
                "missing_lines": 46,
                "excluded_lines": 13,
                "percent_statements_covered": 66.66666666666667,
                "percent_statements_covered_display": "66.67",
                "num_branches": 18,
                "num_partial_branches": 3,
                "covered_branches": 9,
                "missing_branches": 9,
                "percent_branches_covered": 50.0,
                "percent_branches_covered_display": "50.00"
            },
            "missing_lines": [
                103,
                105,
                125,
                129,
                130,
                131,
                133,
                134,
                137,
                145,
                148,
                149,
                150,
                152,
                158,
                160,
                189,
                191,
                212,
                226,
                228,
                253,
                267,
                275,
                277,
                299,
                302,
                303,
                304,
                306,
                307,
                308,
                316,
                323,
                325,
                345,
                347,
                348,
                349,
                351,
                352,
                353,
                360,
                362,
                369,
                371
            ],
            "excluded_lines": [
                88,
                104,
                126,
                159,
                177,
                190,
                208,
                227,
                249,
                276,
                300,
                324,
                370
            ],
            "executed_branches": [
                [
                    90,
                    91
                ],
                [
                    90,
                    93
                ],
                [
                    211,
                    214
                ],
                [
                    252,
                    255
                ],
                [
                    258,
                    259
                ],
                [
                    258,
                    262
                ],
                [
                    262,
                    263
                ],
                [
                    262,
                    264
                ],
                [
                    264,
                    265
                ]
            ],
            "missing_branches": [
                [
                    130,
                    131
                ],
                [
                    130,
                    133
                ],
                [
                    211,
                    212
                ],
                [
                    252,
                    253
                ],
                [
                    264,
                    267
                ],
                [
                    303,
                    304
                ],
                [
                    303,
                    306
                ],
                [
                    348,
                    349
                ],
                [
                    348,
                    351
                ]
            ],
            "functions": {
                "health_check": {
                    "executed_lines": [
                        66,
                        67
                    ],
                    "summary": {
                        "covered_lines": 2,
                        "num_statements": 2,
                        "percent_covered": 100.0,
                        "percent_covered_display": "100.00",
                        "missing_lines": 0,
                        "excluded_lines": 0,
                        "percent_statements_covered": 100.0,
                        "percent_statements_covered_display": "100.00",
                        "num_branches": 0,
                        "num_partial_branches": 0,
                        "covered_branches": 0,
                        "missing_branches": 0,
                        "percent_branches_covered": 100.0,
                        "percent_branches_covered_display": "100.00"
                    },
                    "missing_lines": [],
                    "excluded_lines": [],
                    "executed_branches": [],
                    "missing_branches": []
                },
                "tokenize_midi": {
                    "executed_lines": [
                        87,
                        88,
                        90,
                        91,
                        93,
                        94,
                        95,
                        97
                    ],
                    "summary": {
                        "covered_lines": 7,
                        "num_statements": 9,
                        "percent_covered": 81.81818181818181,
                        "percent_covered_display": "81.82",
                        "missing_lines": 2,
                        "excluded_lines": 2,
                        "percent_statements_covered": 77.77777777777777,
                        "percent_statements_covered_display": "77.78",
                        "num_branches": 2,
                        "num_partial_branches": 0,
                        "covered_branches": 2,
                        "missing_branches": 0,
                        "percent_branches_covered": 100.0,
                        "percent_branches_covered_display": "100.00"
                    },
                    "missing_lines": [
                        103,
                        105
                    ],
                    "excluded_lines": [
                        88,
                        104
                    ],
                    "executed_branches": [
                        [
                            90,
                            91
                        ],
                        [
                            90,
                            93
                        ]
                    ],
                    "missing_branches": []
                },
                "tokenize_audio": {
                    "executed_lines": [],
                    "summary": {
                        "covered_lines": 0,
                        "num_statements": 14,
                        "percent_covered": 0.0,
                        "percent_covered_display": "0.00",
                        "missing_lines": 14,
                        "excluded_lines": 2,
                        "percent_statements_covered": 0.0,
                        "percent_statements_covered_display": "0.00",
                        "num_branches": 2,
                        "num_partial_branches": 0,
                        "covered_branches": 0,
                        "missing_branches": 2,
                        "percent_branches_covered": 0.0,
                        "percent_branches_covered_display": "0.00"
                    },
                    "missing_lines": [
                        125,
                        129,
                        130,
                        131,
                        133,
                        134,
                        137,
                        145,
                        148,
                        149,
                        150,
                        152,
                        158,
                        160
                    ],
                    "excluded_lines": [
                        126,
                        159
                    ],
                    "executed_branches": [],
                    "missing_branches": [
                        [
                            130,
                            131
                        ],
                        [
                            130,
                            133
                        ]
                    ]
                },
                "tokenize_text": {
                    "executed_lines": [
                        176,
                        177,
                        179,
                        180,
                        181,
                        183
                    ],
                    "summary": {
                        "covered_lines": 5,
                        "num_statements": 7,
                        "percent_covered": 71.42857142857143,
                        "percent_covered_display": "71.43",
                        "missing_lines": 2,
                        "excluded_lines": 2,
                        "percent_statements_covered": 71.42857142857143,
                        "percent_statements_covered_display": "71.43",
                        "num_branches": 0,
                        "num_partial_branches": 0,
                        "covered_branches": 0,
                        "missing_branches": 0,
                        "percent_branches_covered": 100.0,
                        "percent_branches_covered_display": "100.00"
                    },
                    "missing_lines": [
                        189,
                        191
                    ],
                    "excluded_lines": [
                        177,
                        190
                    ],
                    "executed_branches": [],
                    "missing_branches": []
                },
                "extract_features": {
                    "executed_lines": [
                        207,
                        208,
                        210,
                        211,
                        214,
                        215,
                        216,
                        218
                    ],
                    "summary": {
                        "covered_lines": 7,
                        "num_statements": 10,
                        "percent_covered": 66.66666666666667,
                        "percent_covered_display": "66.67",
                        "missing_lines": 3,
                        "excluded_lines": 2,
                        "percent_statements_covered": 70.0,
                        "percent_statements_covered_display": "70.00",
                        "num_branches": 2,
                        "num_partial_branches": 1,
                        "covered_branches": 1,
                        "missing_branches": 1,
                        "percent_branches_covered": 50.0,
                        "percent_branches_covered_display": "50.00"
                    },
                    "missing_lines": [
                        212,
                        226,
                        228
                    ],
                    "excluded_lines": [
                        208,
                        227
                    ],
                    "executed_branches": [
                        [
                            211,
                            214
                        ]
                    ],
                    "missing_branches": [
                        [
                            211,
                            212
                        ]
                    ]
                },
                "generate_spectrogram": {
                    "executed_lines": [
                        248,
                        249,
                        251,
                        252,
                        255,
                        256,
                        258,
                        259,
                        262,
                        263,
                        264,
                        265,
                        272,
                        273
                    ],
                    "summary": {
                        "covered_lines": 13,
                        "num_statements": 17,
                        "percent_covered": 76.0,
                        "percent_covered_display": "76.00",
                        "missing_lines": 4,
                        "excluded_lines": 2,
                        "percent_statements_covered": 76.47058823529412,
                        "percent_statements_covered_display": "76.47",
                        "num_branches": 8,
                        "num_partial_branches": 2,
                        "covered_branches": 6,
                        "missing_branches": 2,
                        "percent_branches_covered": 75.0,
                        "percent_branches_covered_display": "75.00"
                    },
                    "missing_lines": [
                        253,
                        267,
                        275,
                        277
                    ],
                    "excluded_lines": [
                        249,
                        276
                    ],
                    "executed_branches": [
                        [
                            252,
                            255
                        ],
                        [
                            258,
                            259
                        ],
                        [
                            258,
                            262
                        ],
                        [
                            262,
                            263
                        ],
                        [
                            262,
                            264
                        ],
                        [
                            264,
                            265
                        ]
                    ],
                    "missing_branches": [
                        [
                            252,
                            253
                        ],
                        [
                            264,
                            267
                        ]
                    ]
                },
                "convert_audio_to_midi": {
                    "executed_lines": [],
                    "summary": {
                        "covered_lines": 0,
                        "num_statements": 10,
                        "percent_covered": 0.0,
                        "percent_covered_display": "0.00",
                        "missing_lines": 10,
                        "excluded_lines": 2,
                        "percent_statements_covered": 0.0,
                        "percent_statements_covered_display": "0.00",
                        "num_branches": 2,
                        "num_partial_branches": 0,
                        "covered_branches": 0,
                        "missing_branches": 2,
                        "percent_branches_covered": 0.0,
                        "percent_branches_covered_display": "0.00"
                    },
                    "missing_lines": [
                        299,
                        302,
                        303,
                        304,
                        306,
                        307,
                        308,
                        316,
                        323,
                        325
                    ],
                    "excluded_lines": [
                        300,
                        324
                    ],
                    "executed_branches": [],
                    "missing_branches": [
                        [
                            303,
                            304
                        ],
                        [
                            303,
                            306
                        ]
                    ]
                },
                "download_midi_from_audio": {
                    "executed_lines": [],
                    "summary": {
                        "covered_lines": 0,
                        "num_statements": 11,
                        "percent_covered": 0.0,
                        "percent_covered_display": "0.00",
                        "missing_lines": 11,
                        "excluded_lines": 1,
                        "percent_statements_covered": 0.0,
                        "percent_statements_covered_display": "0.00",
                        "num_branches": 2,
                        "num_partial_branches": 0,
                        "covered_branches": 0,
                        "missing_branches": 2,
                        "percent_branches_covered": 0.0,
                        "percent_branches_covered_display": "0.00"
                    },
                    "missing_lines": [
                        345,
                        347,
                        348,
                        349,
                        351,
                        352,
                        353,
                        360,
                        362,
                        369,
                        371
                    ],
                    "excluded_lines": [
                        370
                    ],
                    "executed_branches": [],
                    "missing_branches": [
                        [
                            348,
                            349
                        ],
                        [
                            348,
                            351
                        ]
                    ]
                },
                "": {
                    "executed_lines": [
                        1,
                        3,
                        4,
                        5,
                        7,
                        8,
                        10,
                        11,
                        12,
                        14,
                        15,
                        18,
                        19,
                        20,
                        21,
                        22,
                        26,
                        27,
                        28,
                        29,
                        30,
                        33,
                        34,
                        35,
                        36,
                        37,
                        38,
                        39,
                        42,
                        43,
                        44,
                        45,
                        46,
                        47,
                        50,
                        51,
                        52,
                        53,
                        54,
                        57,
                        58,
                        59,
                        60,
                        63,
                        64,
                        74,
                        75,
                        108,
                        109,
                        163,
                        164,
                        194,
                        195,
                        231,
                        232,
                        280,
                        281,
                        328,
                        329
                    ],
                    "summary": {
                        "covered_lines": 58,
                        "num_statements": 58,
                        "percent_covered": 100.0,
                        "percent_covered_display": "100.00",
                        "missing_lines": 0,
                        "excluded_lines": 0,
                        "percent_statements_covered": 100.0,
                        "percent_statements_covered_display": "100.00",
                        "num_branches": 0,
                        "num_partial_branches": 0,
                        "covered_branches": 0,
                        "missing_branches": 0,
                        "percent_branches_covered": 100.0,
                        "percent_branches_covered_display": "100.00"
                    },
                    "missing_lines": [],
                    "excluded_lines": [],
                    "executed_branches": [],
                    "missing_branches": []
                }
            },
            "classes": {
                "TokenResponse": {
                    "executed_lines": [],
                    "summary": {
                        "covered_lines": 0,
                        "num_statements": 0,
                        "percent_covered": 100.0,
                        "percent_covered_display": "100.00",
                        "missing_lines": 0,
                        "excluded_lines": 0,
                        "percent_statements_covered": 100.0,
                        "percent_statements_covered_display": "100.00",
                        "num_branches": 0,
                        "num_partial_branches": 0,
                        "covered_branches": 0,
                        "missing_branches": 0,
                        "percent_branches_covered": 100.0,
                        "percent_branches_covered_display": "100.00"
                    },
                    "missing_lines": [],
                    "excluded_lines": [],
                    "executed_branches": [],
                    "missing_branches": []
                },
                "FeaturesResponse": {
                    "executed_lines": [],
                    "summary": {
                        "covered_lines": 0,
                        "num_statements": 0,
                        "percent_covered": 100.0,
                        "percent_covered_display": "100.00",
                        "missing_lines": 0,
                        "excluded_lines": 0,
                        "percent_statements_covered": 100.0,
                        "percent_statements_covered_display": "100.00",
                        "num_branches": 0,
                        "num_partial_branches": 0,
                        "covered_branches": 0,
                        "missing_branches": 0,
                        "percent_branches_covered": 100.0,
                        "percent_branches_covered_display": "100.00"
                    },
                    "missing_lines": [],
                    "excluded_lines": [],
                    "executed_branches": [],
                    "missing_branches": []
                },
                "MidiConversionResponse": {
                    "executed_lines": [],
                    "summary": {
                        "covered_lines": 0,
                        "num_statements": 0,
                        "percent_covered": 100.0,
                        "percent_covered_display": "100.00",
                        "missing_lines": 0,
                        "excluded_lines": 0,
                        "percent_statements_covered": 100.0,
                        "percent_statements_covered_display": "100.00",
                        "num_branches": 0,
                        "num_partial_branches": 0,
                        "covered_branches": 0,
                        "missing_branches": 0,
                        "percent_branches_covered": 100.0,
                        "percent_branches_covered_display": "100.00"
                    },
                    "missing_lines": [],
                    "excluded_lines": [],
                    "executed_branches": [],
                    "missing_branches": []
                },
                "TextTokenResponse": {
                    "executed_lines": [],
                    "summary": {
                        "covered_lines": 0,
                        "num_statements": 0,
                        "percent_covered": 100.0,
                        "percent_covered_display": "100.00",
                        "missing_lines": 0,
                        "excluded_lines": 0,
                        "percent_statements_covered": 100.0,
                        "percent_statements_covered_display": "100.00",
                        "num_branches": 0,
                        "num_partial_branches": 0,
                        "covered_branches": 0,
                        "missing_branches": 0,
                        "percent_branches_covered": 100.0,
                        "percent_branches_covered_display": "100.00"
                    },
                    "missing_lines": [],
                    "excluded_lines": [],
                    "executed_branches": [],
                    "missing_branches": []
                },
                "HealthResponse": {
                    "executed_lines": [],
                    "summary": {
                        "covered_lines": 0,
                        "num_statements": 0,
                        "percent_covered": 100.0,
                        "percent_covered_display": "100.00",
                        "missing_lines": 0,
                        "excluded_lines": 0,
                        "percent_statements_covered": 100.0,
                        "percent_statements_covered_display": "100.00",
                        "num_branches": 0,
                        "num_partial_branches": 0,
                        "covered_branches": 0,
                        "missing_branches": 0,
                        "percent_branches_covered": 100.0,
                        "percent_branches_covered_display": "100.00"
                    },
                    "missing_lines": [],
                    "excluded_lines": [],
                    "executed_branches": [],
                    "missing_branches": []
                },
                "": {
                    "executed_lines": [
                        1,
                        3,
                        4,
                        5,
                        7,
                        8,
                        10,
                        11,
                        12,
                        14,
                        15,
                        18,
                        19,
                        20,
                        21,
                        22,
                        26,
                        27,
                        28,
                        29,
                        30,
                        33,
                        34,
                        35,
                        36,
                        37,
                        38,
                        39,
                        42,
                        43,
                        44,
                        45,
                        46,
                        47,
                        50,
                        51,
                        52,
                        53,
                        54,
                        57,
                        58,
                        59,
                        60,
                        63,
                        64,
                        66,
                        67,
                        74,
                        75,
                        87,
                        88,
                        90,
                        91,
                        93,
                        94,
                        95,
                        97,
                        108,
                        109,
                        163,
                        164,
                        176,
                        177,
                        179,
                        180,
                        181,
                        183,
                        194,
                        195,
                        207,
                        208,
                        210,
                        211,
                        214,
                        215,
                        216,
                        218,
                        231,
                        232,
                        248,
                        249,
                        251,
                        252,
                        255,
                        256,
                        258,
                        259,
                        262,
                        263,
                        264,
                        265,
                        272,
                        273,
                        280,
                        281,
                        328,
                        329
                    ],
                    "summary": {
                        "covered_lines": 92,
                        "num_statements": 138,
                        "percent_covered": 64.74358974358974,
                        "percent_covered_display": "64.74",
                        "missing_lines": 46,
                        "excluded_lines": 13,
                        "percent_statements_covered": 66.66666666666667,
                        "percent_statements_covered_display": "66.67",
                        "num_branches": 18,
                        "num_partial_branches": 3,
                        "covered_branches": 9,
                        "missing_branches": 9,
                        "percent_branches_covered": 50.0,
                        "percent_branches_covered_display": "50.00"
                    },
                    "missing_lines": [
                        103,
                        105,
                        125,
                        129,
                        130,
                        131,
                        133,
                        134,
                        137,
                        145,
                        148,
                        149,
                        150,
                        152,
                        158,
                        160,
                        189,
                        191,
                        212,
                        226,
                        228,
                        253,
                        267,
                        275,
                        277,
                        299,
                        302,
                        303,
                        304,
                        306,
                        307,
                        308,
                        316,
                        323,
                        325,
                        345,
                        347,
                        348,
                        349,
                        351,
                        352,
                        353,
                        360,
                        362,
                        369,
                        371
                    ],
                    "excluded_lines": [
                        88,
                        104,
                        126,
                        159,
                        177,
                        190,
                        208,
                        227,
                        249,
                        276,
                        300,
                        324,
                        370
                    ],
                    "executed_branches": [
                        [
                            90,
                            91
                        ],
                        [
                            90,
                            93
                        ],
                        [
                            211,
                            214
                        ],
                        [
                            252,
                            255
                        ],
                        [
                            258,
                            259
                        ],
                        [
                            258,
                            262
                        ],
                        [
                            262,
                            263
                        ],
                        [
                            262,
                            264
                        ],
                        [
                            264,
                            265
                        ]
                    ],
                    "missing_branches": [
                        [
                            130,
                            131
                        ],
                        [
                            130,
                            133
                        ],
                        [
                            211,
                            212
                        ],
                        [
                            252,
                            253
                        ],
                        [
                            264,
                            267
                        ],
                        [
                            303,
                            304
                        ],
                        [
                            303,
                            306
                        ],
                        [
                            348,
                            349
                        ],
                        [
                            348,
                            351
                        ]
                    ]
                }
            }
        },
        "src/audio/__init__.py": {
            "executed_lines": [
                1,
                3,
                4,
                5,
                7
            ],
            "summary": {
                "covered_lines": 4,
                "num_statements": 4,
                "percent_covered": 100.0,
                "percent_covered_display": "100.00",
                "missing_lines": 0,
                "excluded_lines": 0,
                "percent_statements_covered": 100.0,
                "percent_statements_covered_display": "100.00",
                "num_branches": 0,
                "num_partial_branches": 0,
                "covered_branches": 0,
                "missing_branches": 0,
                "percent_branches_covered": 100.0,
                "percent_branches_covered_display": "100.00"
            },
            "missing_lines": [],
            "excluded_lines": [],
            "executed_branches": [],
            "missing_branches": [],
            "functions": {
                "": {
                    "executed_lines": [
                        1,
                        3,
                        4,
                        5,
                        7
                    ],
                    "summary": {
                        "covered_lines": 4,
                        "num_statements": 4,
                        "percent_covered": 100.0,
                        "percent_covered_display": "100.00",
                        "missing_lines": 0,
                        "excluded_lines": 0,
                        "percent_statements_covered": 100.0,
                        "percent_statements_covered_display": "100.00",
                        "num_branches": 0,
                        "num_partial_branches": 0,
                        "covered_branches": 0,
                        "missing_branches": 0,
                        "percent_branches_covered": 100.0,
                        "percent_branches_covered_display": "100.00"
                    },
                    "missing_lines": [],
                    "excluded_lines": [],
                    "executed_branches": [],
                    "missing_branches": []
                }
            },
            "classes": {
                "": {
                    "executed_lines": [
                        1,
                        3,
                        4,
                        5,
                        7
                    ],
                    "summary": {
                        "covered_lines": 4,
                        "num_statements": 4,
                        "percent_covered": 100.0,
                        "percent_covered_display": "100.00",
                        "missing_lines": 0,
                        "excluded_lines": 0,
                        "percent_statements_covered": 100.0,
                        "percent_statements_covered_display": "100.00",
                        "num_branches": 0,
                        "num_partial_branches": 0,
                        "covered_branches": 0,
                        "missing_branches": 0,
                        "percent_branches_covered": 100.0,
                        "percent_branches_covered_display": "100.00"
                    },
                    "missing_lines": [],
                    "excluded_lines": [],
                    "executed_branches": [],
                    "missing_branches": []
                }
            }
        },
        "src/audio/audio_to_midi.py": {
            "executed_lines": [
                1,
                3,
                4,
                5,
                6,
                8,
                10,
                12,
                15,
                16,
                18,
                19,
                21,
                22,
                23,
                30,
                31,
                40,
                42,
                43,
                44,
                47,
                52,
                53,
                57,
                71,
                149,
                188,
                217
            ],
            "summary": {
                "covered_lines": 25,
                "num_statements": 77,
                "percent_covered": 28.735632183908045,
                "percent_covered_display": "28.74",
                "missing_lines": 52,
                "excluded_lines": 5,
                "percent_statements_covered": 32.467532467532465,
                "percent_statements_covered_display": "32.47",
                "num_branches": 10,
                "num_partial_branches": 0,
                "covered_branches": 0,
                "missing_branches": 10,
                "percent_branches_covered": 0.0,
                "percent_branches_covered_display": "0.00"
            },
            "missing_lines": [
                20,
                55,
                59,
                60,
                67,
                68,
                96,
                99,
                100,
                101,
                103,
                105,
                115,
                116,
                117,
                125,
                126,
                127,
                128,
                131,
                133,
                142,
                145,
                146,
                147,
                160,
                161,
                168,
                171,
                174,
                175,
                176,
                179,
                180,
                181,
                184,
                186,
                205,
                207,
                234,
                237,
                238,
                239,
                241,
                242,
                249,
                251,
                253,
                254,
                256,
                262,
                269
            ],
            "excluded_lines": [
                23,
                45,
                47,
                69,
                141
            ],
            "executed_branches": [],
            "missing_branches": [
                [
                    59,
                    60
                ],
                [
                    59,
                    67
                ],
                [
                    67,
                    -57
                ],
                [
                    67,
                    68
                ],
                [
                    116,
                    117
                ],
                [
                    116,
                    125
                ],
                [
                    160,
                    161
                ],
                [
                    160,
                    168
                ],
                [
                    251,
                    253
                ],
                [
                    251,
                    262
                ]
            ],
            "functions": {
                "AudioToMidiConverter.__init__": {
                    "executed_lines": [
                        42,
                        43,
[...]
                        "percent_statements_covered_display": "100.00",
                        "num_branches": 4,
                        "num_partial_branches": 0,
                        "covered_branches": 4,
                        "missing_branches": 0,
                        "percent_branches_covered": 100.0,
                        "percent_branches_covered_display": "100.00"
                    },
                    "missing_lines": [],
                    "excluded_lines": [],
                    "executed_branches": [
                        [
                            108,
                            109
                        ],
                        [
                            108,
                            111
                        ],
                        [
                            109,
                            108
                        ],
                        [
                            109,
                            110
                        ]
                    ],
                    "missing_branches": []
                },
                "TextTokenizer._extract_tempo": {
                    "executed_lines": [
                        116,
                        117,
                        118,
                        119,
                        122,
                        123,
                        124,
                        126
                    ],
                    "summary": {
                        "covered_lines": 8,
                        "num_statements": 8,
                        "percent_covered": 100.0,
                        "percent_covered_display": "100.00",
                        "missing_lines": 0,
                        "excluded_lines": 0,
                        "percent_statements_covered": 100.0,
                        "percent_statements_covered_display": "100.00",
                        "num_branches": 6,
                        "num_partial_branches": 0,
                        "covered_branches": 6,
                        "missing_branches": 0,
                        "percent_branches_covered": 100.0,
                        "percent_branches_covered_display": "100.00"
                    },
                    "missing_lines": [],
                    "excluded_lines": [],
                    "executed_branches": [
                        [
                            117,
                            118
                        ],
                        [
                            117,
                            122
                        ],
                        [
                            122,
                            123
                        ],
                        [
                            122,
                            126
                        ],
                        [
                            123,
                            122
                        ],
                        [
                            123,
                            124
                        ]
                    ],
                    "missing_branches": []
                },
                "TextTokenizer._extract_chords": {
                    "executed_lines": [
                        131,
                        133,
                        134,
                        136,
                        137,
                        138,
                        139,
                        140,
                        141,
                        142,
                        144
                    ],
                    "summary": {
                        "covered_lines": 11,
                        "num_statements": 11,
                        "percent_covered": 100.0,
                        "percent_covered_display": "100.00",
                        "missing_lines": 0,
                        "excluded_lines": 0,
                        "percent_statements_covered": 100.0,
                        "percent_statements_covered_display": "100.00",
                        "num_branches": 6,
                        "num_partial_branches": 0,
                        "covered_branches": 6,
                        "missing_branches": 0,
                        "percent_branches_covered": 100.0,
                        "percent_branches_covered_display": "100.00"
                    },
                    "missing_lines": [],
                    "excluded_lines": [],
                    "executed_branches": [
                        [
                            136,
                            137
                        ],
                        [
                            136,
                            144
                        ],
                        [
                            138,
                            139
                        ],
                        [
                            138,
                            140
                        ],
                        [
                            140,
                            141
                        ],
                        [
                            140,
                            142
                        ]
                    ],
                    "missing_branches": []
                },
                "TextTokenizer._extract_instruments": {
                    "executed_lines": [
                        148,
                        154,
                        155,
                        156,
                        157,
                        159
                    ],
                    "summary": {
                        "covered_lines": 6,
                        "num_statements": 6,
                        "percent_covered": 100.0,
                        "percent_covered_display": "100.00",
                        "missing_lines": 0,
                        "excluded_lines": 0,
                        "percent_statements_covered": 100.0,
                        "percent_statements_covered_display": "100.00",
                        "num_branches": 4,
                        "num_partial_branches": 0,
                        "covered_branches": 4,
                        "missing_branches": 0,
                        "percent_branches_covered": 100.0,
                        "percent_branches_covered_display": "100.00"
                    },
                    "missing_lines": [],
                    "excluded_lines": [],
                    "executed_branches": [
                        [
                            155,
                            156
                        ],
                        [
                            155,
                            159
                        ],
                        [
                            156,
                            155
                        ],
                        [
                            156,
                            157
                        ]
                    ],
                    "missing_branches": []
                },
                "TextTokenizer.get_musical_context": {
                    "executed_lines": [
                        171,
                        172,
                        174,
                        185,
                        186,
                        190,
                        195
                    ],
                    "summary": {
                        "covered_lines": 7,
                        "num_statements": 8,
                        "percent_covered": 83.33333333333333,
                        "percent_covered_display": "83.33",
                        "missing_lines": 1,
                        "excluded_lines": 0,
                        "percent_statements_covered": 87.5,
                        "percent_statements_covered_display": "87.50",
                        "num_branches": 4,
                        "num_partial_branches": 1,
                        "covered_branches": 3,
                        "missing_branches": 1,
                        "percent_branches_covered": 75.0,
                        "percent_branches_covered_display": "75.00"
                    },
                    "missing_lines": [
                        191
                    ],
                    "excluded_lines": [],
                    "executed_branches": [
                        [
                            185,
                            186
                        ],
                        [
                            185,
                            190
                        ],
                        [
                            190,
                            195
                        ]
                    ],
                    "missing_branches": [
                        [
                            190,
                            191
                        ]
                    ]
                },
                "": {
                    "executed_lines": [
                        1,
                        3,
                        4,
                        5,
                        7,
                        10,
                        11,
                        19,
                        24,
                        26,
                        31,
                        43,
                        47,
                        78,
                        99,
                        106,
                        113,
                        128,
                        146,
                        161
                    ],
                    "summary": {
                        "covered_lines": 18,
                        "num_statements": 18,
                        "percent_covered": 100.0,
                        "percent_covered_display": "100.00",
                        "missing_lines": 0,
                        "excluded_lines": 0,
                        "percent_statements_covered": 100.0,
                        "percent_statements_covered_display": "100.00",
                        "num_branches": 0,
                        "num_partial_branches": 0,
                        "covered_branches": 0,
                        "missing_branches": 0,
                        "percent_branches_covered": 100.0,
                        "percent_branches_covered_display": "100.00"
                    },
                    "missing_lines": [],
                    "excluded_lines": [],
                    "executed_branches": [],
                    "missing_branches": []
                }
            },
            "classes": {
                "TextTokenizer": {
                    "executed_lines": [
                        45,
                        57,
                        59,
                        69,
                        71,
                        81,
                        83,
                        84,
                        85,
                        86,
                        88,
                        89,
                        90,
                        91,
                        92,
                        93,
                        95,
                        97,
                        101,
                        102,
                        103,
                        104,
                        108,
                        109,
                        110,
                        111,
                        116,
                        117,
                        118,
                        119,
                        122,
                        123,
                        124,
                        126,
                        131,
                        133,
                        134,
                        136,
                        137,
                        138,
                        139,
                        140,
                        141,
                        142,
                        144,
                        148,
                        154,
                        155,
                        156,
                        157,
                        159,
                        171,
                        172,
                        174,
                        185,
                        186,
                        190,
                        195
                    ],
                    "summary": {
                        "covered_lines": 57,
                        "num_statements": 58,
                        "percent_covered": 96.80851063829788,
                        "percent_covered_display": "96.81",
                        "missing_lines": 1,
                        "excluded_lines": 1,
                        "percent_statements_covered": 98.27586206896552,
                        "percent_statements_covered_display": "98.28",
                        "num_branches": 36,
                        "num_partial_branches": 2,
                        "covered_branches": 34,
                        "missing_branches": 2,
                        "percent_branches_covered": 94.44444444444444,
                        "percent_branches_covered_display": "94.44"
                    },
                    "missing_lines": [
                        191
                    ],
                    "excluded_lines": [
                        45
                    ],
                    "executed_branches": [
                        [
                            84,
                            85
                        ],
                        [
                            84,
                            97
                        ],
                        [
                            88,
                            89
                        ],
                        [
                            88,
                            95
                        ],
                        [
                            90,
                            91
                        ],
                        [
                            90,
                            92
                        ],
                        [
                            92,
                            93
                        ],
                        [
                            101,
                            102
                        ],
                        [
                            101,
                            104
                        ],
                        [
                            102,
                            101
                        ],
                        [
                            102,
                            103
                        ],
                        [
                            108,
                            109
                        ],
                        [
                            108,
                            111
                        ],
                        [
                            109,
                            108
                        ],
                        [
                            109,
                            110
                        ],
                        [
                            117,
                            118
                        ],
                        [
                            117,
                            122
                        ],
                        [
                            122,
                            123
                        ],
                        [
                            122,
                            126
                        ],
                        [
                            123,
                            122
                        ],
                        [
                            123,
                            124
                        ],
                        [
                            136,
                            137
                        ],
                        [
                            136,
                            144
                        ],
                        [
                            138,
                            139
                        ],
                        [
                            138,
                            140
                        ],
                        [
                            140,
                            141
                        ],
                        [
                            140,
                            142
                        ],
                        [
                            155,
                            156
                        ],
                        [
                            155,
                            159
                        ],
                        [
                            156,
                            155
                        ],
                        [
                            156,
                            157
                        ],
                        [
                            185,
                            186
                        ],
                        [
                            185,
                            190
                        ],
                        [
                            190,
                            195
                        ]
                    ],
                    "missing_branches": [
                        [
                            92,
                            95
                        ],
                        [
                            190,
                            191
                        ]
                    ]
                },
                "": {
                    "executed_lines": [
                        1,
                        3,
                        4,
                        5,
                        7,
                        10,
                        11,
                        19,
                        24,
                        26,
                        31,
                        43,
                        47,
                        78,
                        99,
                        106,
                        113,
                        128,
                        146,
                        161
                    ],
                    "summary": {
                        "covered_lines": 18,
                        "num_statements": 18,
                        "percent_covered": 100.0,
                        "percent_covered_display": "100.00",
                        "missing_lines": 0,
                        "excluded_lines": 0,
                        "percent_statements_covered": 100.0,
                        "percent_statements_covered_display": "100.00",
                        "num_branches": 0,
                        "num_partial_branches": 0,
                        "covered_branches": 0,
                        "missing_branches": 0,
                        "percent_branches_covered": 100.0,
                        "percent_branches_covered_display": "100.00"
                    },
                    "missing_lines": [],
                    "excluded_lines": [],
                    "executed_branches": [],
                    "missing_branches": []
                }
            }
        }
    },
    "totals": {
        "covered_lines": 547,
        "num_statements": 901,
        "percent_covered": 59.32367149758454,
        "percent_covered_display": "59.32",
        "missing_lines": 354,
        "excluded_lines": 75,
        "percent_statements_covered": 60.710321864594896,
        "percent_statements_covered_display": "60.71",
        "num_branches": 134,
        "num_partial_branches": 13,
        "covered_branches": 67,
        "missing_branches": 67,
        "percent_branches_covered": 50.0,
        "percent_branches_covered_display": "50.00"
    }
}